original seq1='TGTTACGG'
original seq2='GGTTGACTA'
       0   1   2   3   4   5   6   7   8   9  
     | -   G   G   T   T   G   A   C   T   A  
  -------------------------------------------
0  - | 0   0   0   0   0   0   0   0   0   0  
1  T | 0   0   0   4   4   1   0   0   4   1  
2  G | 0   4   4   1   1   8   5   2   1   2  
3  T | 0   1   1   8   5   5   4   3   6   3  
4  T | 0   0   0   5   12  9   6   3   7   4  
5  A | 0   0   0   2   9   10  13  10  7   11 
6  C | 0   0   0   0   6   7   10  17  14  11 
7  G | 0   4   4   1   3   10  7   14  13  12 
8  G | 0   4   8   5   2   7   8   11  10  11 
(6,7)->(5,6)->(5,5)->(4,4)->(3,3)->(2,2)->(2,1)->(1,0)
Match Results:
seq1='G-TTA-C'
seq2='GGTTGAC'
     '* **. *'

original seq1='GACTTAC'
original seq2='CGTGAATTCAT'
       0   1   2   3   4   5   6   7   8   9   10  11 
     | -   C   G   T   G   A   A   T   T   C   A   T  
  ---------------------------------------------------
0  - | 0   0   0   0   0   0   0   0   0   0   0   0  
1  G | 0   0   4   1   4   1   0   0   0   0   0   0  
2  A | 0   0   1   0   1   8   5   2   0   0   4   1  
3  C | 0   4   1   0   0   5   4   3   0   4   1   2  
4  T | 0   1   0   5   2   2   1   8   7   4   1   5  
5  T | 0   0   0   4   1   0   0   5   12  9   6   5  
6  A | 0   0   0   1   2   5   4   2   9   8   13  10 
7  C | 0   4   1   0   0   2   1   2   6   13  10  11 
(6,10)->(5,9)->(5,8)->(4,7)->(3,6)->(2,5)->(1,4)->(1,3)->(1,2)->(0,1)
Match Results:
seq1='G--ACTT-A'
seq2='GTGAATTCA'
     '*  *.** *'
